0 info it worked if it ends with ok
1 verbose cli [ '/Users/yenhuang/.nvm/v0.10.35/bin/node',
1 verbose cli   '/Users/yenhuang/.nvm/v0.10.35/bin/npm',
1 verbose cli   'start' ]
2 info using npm@1.4.28
3 info using node@v0.10.35
4 verbose run-script [ 'prestart', 'start', 'poststart' ]
5 info prestart auth0-nodejsapi-sample@0.1.0
6 info start auth0-nodejsapi-sample@0.1.0
7 verbose unsafe-perm in lifecycle true
8 info auth0-nodejsapi-sample@0.1.0 Failed to exec start script
9 error auth0-nodejsapi-sample@0.1.0 start: `node server.js`
9 error Exit status 8
10 error Failed at the auth0-nodejsapi-sample@0.1.0 start script.
10 error This is most likely a problem with the auth0-nodejsapi-sample package,
10 error not with npm itself.
10 error Tell the author that this fails on your system:
10 error     node server.js
10 error You can get their info via:
10 error     npm owner ls auth0-nodejsapi-sample
10 error There is likely additional logging output above.
11 error System Darwin 15.2.0
12 error command "/Users/yenhuang/.nvm/v0.10.35/bin/node" "/Users/yenhuang/.nvm/v0.10.35/bin/npm" "start"
13 error cwd /Users/yenhuang/Desktop/pearson-comp/api
14 error node -v v0.10.35
15 error npm -v 1.4.28
16 error code ELIFECYCLE
17 verbose exit [ 1, true ]
